[00:00:55] [Server thread/INFO]: Villager class_1646['Star'/333, l='ServerLevel[world]', x=104.42, y=63.06, z=116.21] died, message: 'Star hit the ground too hard whilst trying to escape Zombie'
[00:00:55] [Server thread/INFO]: Named entity class_1646['Star'/333, l='ServerLevel[world]', x=104.42, y=63.06, z=116.21] died: Star hit the ground too hard whilst trying to escape Zombie
[00:03:11] [Server thread/INFO]: cbuenorey has made the advancement [Sweet Dreams]
[00:03:37] [Server thread/INFO]: Villager class_1646['Rodrick'/124, l='ServerLevel[world]', x=-9.66, y=214.00, z=-28.65] died, message: 'Rodrick hit the ground too hard'
[00:03:37] [Server thread/INFO]: Named entity class_1646['Rodrick'/124, l='ServerLevel[world]', x=-9.66, y=214.00, z=-28.65] died: Rodrick fell from a high place
[00:04:17] [Server thread/INFO]: xtralexxD was killed
[00:04:17] [Server thread/INFO]: [xtralexxD: Killed xtralexxD]
[00:04:18] [Netty Epoll Server IO #3/INFO]: [do_a_barrel_roll] Client of xtralexxD accepted server config.
[00:04:21] [Server thread/INFO]: xtralexxD claimed a grave belonging to xtralexxD at 45, 63, 81, minecraft:overworld
[00:04:42] [Server thread/INFO]: [xtralexxD: Teleported xtralexxD to 110.500000, 79.500000, -178.500000]
[00:04:53] [Server thread/INFO]: [xtralexxD: Set own game mode to Creative Mode]
[00:05:09] [Netty Epoll Server IO #4/INFO]: [do_a_barrel_roll] Client of cbuenorey accepted server config.
[00:05:34] [Server thread/ERROR]: Failed to handle packet net.minecraft.class_2885@6b86bdc0, suppressing error
java.lang.IllegalArgumentException: Cannot get property BooleanProperty{name=open, clazz=class java.lang.Boolean, values=[true, false]} as it does not exist in Block{minecraft:stone}
	at net.minecraft.state.State.get(State.java:98) ~[server-intermediary.jar:?]
	at com.natamus.doubledoors_common_fabric.util.Util.processDoor(Util.java:49) ~[doubledoors-1.20.1-5.1.jar:?]
	at com.natamus.doubledoors_common_fabric.events.DoorEvent.onDoorClick(DoorEvent.java:122) ~[doubledoors-1.20.1-5.1.jar:?]
	at com.natamus.doubledoors.ModFabric.lambda$loadEvents$1(ModFabric.java:38) ~[doubledoors-1.20.1-5.1.jar:?]
	at com.natamus.collective.fabric.callbacks.CollectiveBlockEvents.lambda$static$8(CollectiveBlockEvents.java:60) ~[collective-1.20.1-7.7.jar:?]
	at net.minecraft.server.network.ServerPlayerInteractionManager.handler$cle000$collective$ServerPlayerGameMode_useItemOn(ServerPlayerInteractionManager.java:8034) ~[server-intermediary.jar:?]
	at net.minecraft.server.network.ServerPlayerInteractionManager.interactBlock(ServerPlayerInteractionManager.java) ~[server-intermediary.jar:?]
	at net.minecraft.server.network.ServerPlayNetworkHandler.onPlayerInteractBlock(ServerPlayNetworkHandler.java:1140) ~[server-intermediary.jar:?]
	at net.minecraft.network.packet.c2s.play.PlayerInteractBlockC2SPacket.apply(PlayerInteractBlockC2SPacket.java:34) ~[server-intermediary.jar:?]
	at net.minecraft.network.packet.c2s.play.PlayerInteractBlockC2SPacket.apply(PlayerInteractBlockC2SPacket.java:8) ~[server-intermediary.jar:?]
	at net.minecraft.network.NetworkThreadUtils.method_11072(NetworkThreadUtils.java:22) ~[server-intermediary.jar:?]
	at net.minecraft.server.ServerTask.run(ServerTask.java:18) ~[server-intermediary.jar:?]
	at net.minecraft.util.thread.ThreadExecutor.executeTask(ThreadExecutor.java:156) ~[server-intermediary.jar:?]
	at net.minecraft.util.thread.ReentrantThreadExecutor.executeTask(ReentrantThreadExecutor.java:23) ~[server-intermediary.jar:?]
	at net.minecraft.server.MinecraftServer.executeTask(MinecraftServer.java:782) ~[server-intermediary.jar:?]
	at net.minecraft.server.MinecraftServer.executeTask(MinecraftServer.java:164) ~[server-intermediary.jar:?]
	at net.minecraft.util.thread.ThreadExecutor.runTask(ThreadExecutor.java:130) ~[server-intermediary.jar:?]
	at net.minecraft.server.MinecraftServer.runOneTask(MinecraftServer.java:764) ~[server-intermediary.jar:?]
	at net.minecraft.server.MinecraftServer.runTask(MinecraftServer.java:758) ~[server-intermediary.jar:?]
	at net.minecraft.util.thread.ThreadExecutor.runTasks(ThreadExecutor.java:115) ~[server-intermediary.jar:?]
	at net.minecraft.server.MinecraftServer.runTasksTillTickEnd(MinecraftServer.java:742) ~[server-intermediary.jar:?]
	at net.minecraft.server.MinecraftServer.runServer(MinecraftServer.java:675) ~[server-intermediary.jar:?]
	at net.minecraft.server.MinecraftServer.method_29739(MinecraftServer.java:265) ~[server-intermediary.jar:?]
	at java.lang.Thread.run(Thread.java:840) ~[?:?]
[00:05:35] [Server thread/ERROR]: Failed to handle packet net.minecraft.class_2885@3c81b031, suppressing error
java.lang.IllegalArgumentException: Cannot get property BooleanProperty{name=open, clazz=class java.lang.Boolean, values=[true, false]} as it does not exist in Block{minecraft:stone}
	at net.minecraft.state.State.get(State.java:98) ~[server-intermediary.jar:?]
	at com.natamus.doubledoors_common_fabric.util.Util.processDoor(Util.java:49) ~[doubledoors-1.20.1-5.1.jar:?]
	at com.natamus.doubledoors_common_fabric.events.DoorEvent.onDoorClick(DoorEvent.java:122) ~[doubledoors-1.20.1-5.1.jar:?]
	at com.natamus.doubledoors.ModFabric.lambda$loadEvents$1(ModFabric.java:38) ~[doubledoors-1.20.1-5.1.jar:?]
	at com.natamus.collective.fabric.callbacks.CollectiveBlockEvents.lambda$static$8(CollectiveBlockEvents.java:60) ~[collective-1.20.1-7.7.jar:?]
	at net.minecraft.server.network.ServerPlayerInteractionManager.handler$cle000$collective$ServerPlayerGameMode_useItemOn(ServerPlayerInteractionManager.java:8034) ~[server-intermediary.jar:?]
	at net.minecraft.server.network.ServerPlayerInteractionManager.interactBlock(ServerPlayerInteractionManager.java) ~[server-intermediary.jar:?]
	at net.minecraft.server.network.ServerPlayNetworkHandler.onPlayerInteractBlock(ServerPlayNetworkHandler.java:1140) ~[server-intermediary.jar:?]
	at net.minecraft.network.packet.c2s.play.PlayerInteractBlockC2SPacket.apply(PlayerInteractBlockC2SPacket.java:34) ~[server-intermediary.jar:?]
	at net.minecraft.network.packet.c2s.play.PlayerInteractBlockC2SPacket.apply(PlayerInteractBlockC2SPacket.java:8) ~[server-intermediary.jar:?]
	at net.minecraft.network.NetworkThreadUtils.method_11072(NetworkThreadUtils.java:22) ~[server-intermediary.jar:?]
	at net.minecraft.server.ServerTask.run(ServerTask.java:18) ~[server-intermediary.jar:?]
	at net.minecraft.util.thread.ThreadExecutor.executeTask(ThreadExecutor.java:156) ~[server-intermediary.jar:?]
	at net.minecraft.util.thread.ReentrantThreadExecutor.executeTask(ReentrantThreadExecutor.java:23) ~[server-intermediary.jar:?]
	at net.minecraft.server.MinecraftServer.executeTask(MinecraftServer.java:782) ~[server-intermediary.jar:?]
	at net.minecraft.server.MinecraftServer.executeTask(MinecraftServer.java:164) ~[server-intermediary.jar:?]
	at net.minecraft.util.thread.ThreadExecutor.runTask(ThreadExecutor.java:130) ~[server-intermediary.jar:?]
	at net.minecraft.server.MinecraftServer.runOneTask(MinecraftServer.java:764) ~[server-intermediary.jar:?]
	at net.minecraft.server.MinecraftServer.runTask(MinecraftServer.java:758) ~[server-intermediary.jar:?]
	at net.minecraft.util.thread.ThreadExecutor.runTasks(ThreadExecutor.java:139) ~[server-intermediary.jar:?]
	at net.minecraft.server.MinecraftServer.runTasksTillTickEnd(MinecraftServer.java:743) ~[server-intermediary.jar:?]
	at net.minecraft.server.MinecraftServer.runServer(MinecraftServer.java:675) ~[server-intermediary.jar:?]
	at net.minecraft.server.MinecraftServer.method_29739(MinecraftServer.java:265) ~[server-intermediary.jar:?]
	at java.lang.Thread.run(Thread.java:840) ~[?:?]
[00:05:36] [Server thread/ERROR]: Failed to handle packet net.minecraft.class_2885@74e167e3, suppressing error
java.lang.IllegalArgumentException: Cannot get property BooleanProperty{name=open, clazz=class java.lang.Boolean, values=[true, false]} as it does not exist in Block{minecraft:stone}
	at net.minecraft.state.State.get(State.java:98) ~[server-intermediary.jar:?]
	at com.natamus.doubledoors_common_fabric.util.Util.processDoor(Util.java:49) ~[doubledoors-1.20.1-5.1.jar:?]
	at com.natamus.doubledoors_common_fabric.events.DoorEvent.onDoorClick(DoorEvent.java:122) ~[doubledoors-1.20.1-5.1.jar:?]
	at com.natamus.doubledoors.ModFabric.lambda$loadEvents$1(ModFabric.java:38) ~[doubledoors-1.20.1-5.1.jar:?]
	at com.natamus.collective.fabric.callbacks.CollectiveBlockEvents.lambda$static$8(CollectiveBlockEvents.java:60) ~[collective-1.20.1-7.7.jar:?]
	at net.minecraft.server.network.ServerPlayerInteractionManager.handler$cle000$collective$ServerPlayerGameMode_useItemOn(ServerPlayerInteractionManager.java:8034) ~[server-intermediary.jar:?]
	at net.minecraft.server.network.ServerPlayerInteractionManager.interactBlock(ServerPlayerInteractionManager.java) ~[server-intermediary.jar:?]
	at net.minecraft.server.network.ServerPlayNetworkHandler.onPlayerInteractBlock(ServerPlayNetworkHandler.java:1140) ~[server-intermediary.jar:?]
	at net.minecraft.network.packet.c2s.play.PlayerInteractBlockC2SPacket.apply(PlayerInteractBlockC2SPacket.java:34) ~[server-intermediary.jar:?]
	at net.minecraft.network.packet.c2s.play.PlayerInteractBlockC2SPacket.apply(PlayerInteractBlockC2SPacket.java:8) ~[server-intermediary.jar:?]
	at net.minecraft.network.NetworkThreadUtils.method_11072(NetworkThreadUtils.java:22) ~[server-intermediary.jar:?]
	at net.minecraft.server.ServerTask.run(ServerTask.java:18) ~[server-intermediary.jar:?]
	at net.minecraft.util.thread.ThreadExecutor.executeTask(ThreadExecutor.java:156) ~[server-intermediary.jar:?]
	at net.minecraft.util.thread.ReentrantThreadExecutor.executeTask(ReentrantThreadExecutor.java:23) ~[server-intermediary.jar:?]
	at net.minecraft.server.MinecraftServer.executeTask(MinecraftServer.java:782) ~[server-intermediary.jar:?]
	at net.minecraft.server.MinecraftServer.executeTask(MinecraftServer.java:164) ~[server-intermediary.jar:?]
	at net.minecraft.util.thread.ThreadExecutor.runTask(ThreadExecutor.java:130) ~[server-intermediary.jar:?]
	at net.minecraft.server.MinecraftServer.runOneTask(MinecraftServer.java:764) ~[server-intermediary.jar:?]
	at net.minecraft.server.MinecraftServer.runTask(MinecraftServer.java:758) ~[server-intermediary.jar:?]
	at net.minecraft.util.thread.ThreadExecutor.runTasks(ThreadExecutor.java:139) ~[server-intermediary.jar:?]
	at net.minecraft.server.MinecraftServer.runTasksTillTickEnd(MinecraftServer.java:743) ~[server-intermediary.jar:?]
	at net.minecraft.server.MinecraftServer.runServer(MinecraftServer.java:675) ~[server-intermediary.jar:?]
	at net.minecraft.server.MinecraftServer.method_29739(MinecraftServer.java:265) ~[server-intermediary.jar:?]
	at java.lang.Thread.run(Thread.java:840) ~[?:?]
[00:07:16] [Server thread/INFO]: Villager class_1646['Milda'/242, l='ServerLevel[world]', x=118.57, y=69.00, z=69.78] died, message: 'Milda was slain by cbuenorey'
[00:07:16] [Server thread/INFO]: Named entity class_1646['Milda'/242, l='ServerLevel[world]', x=118.57, y=69.00, z=69.78] died: Milda was slain by cbuenorey
[00:08:12] [Server thread/INFO]: Villager class_1646['Abram'/443, l='ServerLevel[world]', x=122.81, y=67.00, z=81.47] died, message: 'Abram was slain by cbuenorey'
[00:08:12] [Server thread/INFO]: Named entity class_1646['Abram'/443, l='ServerLevel[world]', x=122.81, y=67.00, z=81.47] died: Abram was slain by cbuenorey
[00:08:22] [Server thread/INFO]: Villager class_1646['Lakeesha'/216, l='ServerLevel[world]', x=8.70, y=236.44, z=48.36] died, message: 'Lakeesha tried to swim in lava'
[00:08:22] [Server thread/INFO]: Named entity class_1646['Lakeesha'/216, l='ServerLevel[world]', x=8.70, y=236.44, z=48.36] died: Lakeesha tried to swim in lava
[00:09:52] [Server thread/INFO]: Villager class_1646['Delena'/243, l='ServerLevel[world]', x=112.50, y=66.00, z=69.30] died, message: 'Delena was slain by cbuenorey'
[00:09:52] [Server thread/INFO]: Named entity class_1646['Delena'/243, l='ServerLevel[world]', x=112.50, y=66.00, z=69.30] died: Delena was slain by cbuenorey
[00:10:49] [Server thread/INFO]: Villager class_1646['Adelaida'/9726, l='ServerLevel[world]', x=108.61, y=75.92, z=48.35] died, message: 'Adelaida was slain by cbuenorey'
[00:10:49] [Server thread/INFO]: Named entity class_1646['Adelaida'/9726, l='ServerLevel[world]', x=108.61, y=75.92, z=48.35] died: Adelaida was slain by cbuenorey
[00:10:51] [Server thread/INFO]: cbuenorey has made the advancement [Close Quarters]
[00:10:59] [Server thread/INFO]: Villager class_1646['Silas'/96, l='ServerLevel[world]', x=41.56, y=67.00, z=14.63] died, message: 'Silas hit the ground too hard'
[00:10:59] [Server thread/INFO]: Named entity class_1646['Silas'/96, l='ServerLevel[world]', x=41.56, y=67.00, z=14.63] died: Silas fell from a high place
[00:10:59] [Server thread/INFO]: Villager class_1646['Eulah'/171, l='ServerLevel[world]', x=42.41, y=66.00, z=13.55] died, message: 'Eulah hit the ground too hard'
[00:10:59] [Server thread/INFO]: Named entity class_1646['Eulah'/171, l='ServerLevel[world]', x=42.41, y=66.00, z=13.55] died: Eulah fell from a high place
[00:11:25] [Server thread/INFO]: Villager class_1646['Stevie'/37, l='ServerLevel[world]', x=131.23, y=72.00, z=50.99] died, message: 'Stevie was slain by cbuenorey'
[00:11:25] [Server thread/INFO]: Named entity class_1646['Stevie'/37, l='ServerLevel[world]', x=131.23, y=72.00, z=50.99] died: Stevie was slain by cbuenorey
[00:12:10] [Server thread/INFO]: Villager class_1646['Vernice'/61, l='ServerLevel[world]', x=1.44, y=63.00, z=1.71] died, message: 'Vernice hit the ground too hard'
[00:12:10] [Server thread/INFO]: Named entity class_1646['Vernice'/61, l='ServerLevel[world]', x=1.44, y=63.00, z=1.71] died: Vernice fell from a high place
[00:12:55] [Server thread/INFO]: Villager class_1646['Jung'/127, l='ServerLevel[world]', x=2.35, y=63.06, z=1.74] died, message: 'Jung hit the ground too hard'
[00:12:55] [Server thread/INFO]: Named entity class_1646['Jung'/127, l='ServerLevel[world]', x=2.35, y=63.06, z=1.74] died: Jung fell from a high place
[00:12:58] [Server thread/INFO]: Villager class_1646['Krystin'/236, l='ServerLevel[world]', x=26.39, y=62.51, z=14.93] died, message: 'Krystin was slain by cbuenorey'
[00:12:58] [Server thread/INFO]: Named entity class_1646['Krystin'/236, l='ServerLevel[world]', x=26.39, y=62.51, z=14.93] died: Krystin was slain by cbuenorey
[00:13:07] [Server thread/INFO]: Villager class_1646['Miles'/197, l='ServerLevel[world]', x=36.54, y=62.60, z=23.58] died, message: 'Miles was slain by cbuenorey'
[00:13:07] [Server thread/INFO]: Named entity class_1646['Miles'/197, l='ServerLevel[world]', x=36.54, y=62.60, z=23.58] died: Miles was slain by cbuenorey
[00:17:30] [Server thread/INFO]: [xtralexxD: Set own game mode to Survival Mode]
[00:17:57] [Server thread/INFO]: [xtralexxD: Teleported xtralexxD to -246.500000, 73.500000, -158.500000]
[00:18:47] [Server thread/INFO]: Villager class_1646['Jacob'/97, l='ServerLevel[world]', x=42.62, y=66.00, z=16.03] died, message: 'Jacob hit the ground too hard'
[00:18:47] [Server thread/INFO]: Named entity class_1646['Jacob'/97, l='ServerLevel[world]', x=42.62, y=66.00, z=16.03] died: Jacob fell from a high place
[00:21:07] [Server thread/INFO]: xtralexxD has made the advancement [Heart of the Machine]
[00:24:56] [Server thread/INFO]: cbuenorey has made the advancement [Monster Hunter]
[00:26:25] [Server thread/INFO]: cbuenorey has made the advancement [Not Today, Thank You]
[00:28:04] [Server thread/INFO]: [xtralexxD: Teleported xtralexxD to 115.500000, 80.500000, -192.500000]
[00:28:28] [Server thread/INFO]: [xtralexxD: Teleported xtralexxD to cbuenorey]
[00:29:22] [Server thread/INFO]: [xtralexxD: Set own game mode to Creative Mode]
[00:29:30] [Server thread/INFO]: Villager class_1646['Burt'/134, l='ServerLevel[world]', x=3.82, y=63.00, z=3.75] died, message: 'Burt hit the ground too hard'
[00:29:30] [Server thread/INFO]: Named entity class_1646['Burt'/134, l='ServerLevel[world]', x=3.82, y=63.00, z=3.75] died: Burt fell from a high place
[00:29:54] [Server thread/INFO]: [xtralexxD: Teleported xtralexxD to cbuenorey]
[00:29:56] [Server thread/INFO]: Villager class_1646['Salome'/145, l='ServerLevel[world]', x=-48.49, y=225.00, z=-19.22] died, message: 'Salome hit the ground too hard'
[00:29:56] [Server thread/INFO]: Named entity class_1646['Salome'/145, l='ServerLevel[world]', x=-48.49, y=225.00, z=-19.22] died: Salome fell from a high place
